<?xml version="1.0" encoding="UTF-8"?>
<testng-results skipped="0" failed="0" total="1" passed="1">
  <reporter-output>
  </reporter-output>
  <suite name="Default suite" duration-ms="70433" started-at="2020-04-14T07:42:23Z" finished-at="2020-04-14T07:43:33Z">
    <groups>
    </groups>
    <test name="Default test" duration-ms="70433" started-at="2020-04-14T07:42:23Z" finished-at="2020-04-14T07:43:33Z">
      <class name="Test_Functions.Test2">
        <test-method status="PASS" signature="Facebook()[pri:0, instance:Test_Functions.Test2@1888ff2c]" name="Facebook" duration-ms="70420" started-at="2020-04-14T13:12:23Z" finished-at="2020-04-14T13:13:33Z">
          <reporter-output>
          </reporter-output>
        </test-method> <!-- Facebook -->
      </class> <!-- Test_Functions.Test2 -->
    </test> <!-- Default test -->
  </suite> <!-- Default suite -->
</testng-results>
